<?xml version="1.0" encoding="UTF-8"?>
<!-- Generated by org.testng.reporters.JUnitReportReporter -->
<testsuite hostname="DESKTOP-8KHMGMV" failures="0" tests="1" name="testcases.OrderBookTest" time="11.189" errors="0" timestamp="2024-03-31T12:41:05 IST" skipped="0">
  <testcase classname="testcases.OrderBookTest" name="orderTest" time="11.189"/>
</testsuite> <!-- testcases.OrderBookTest -->
