<?xml version="1.0" encoding="UTF-8"?>
<!-- Generated by org.testng.reporters.JUnitReportReporter -->
<testsuite hostname="DESKTOP-8KHMGMV" failures="0" tests="4" name="testcases.TestCse_TC2_MultipleLoginTest" time="10.630" errors="0" timestamp="2024-03-31T14:27:56 IST" skipped="0">
  <testcase classname="testcases.TestCse_TC2_MultipleLoginTest" name="loginTest" time="1.663"/>
  <testcase classname="testcases.TestCse_TC2_MultipleLoginTest" name="loginTest" time="4.750"/>
  <testcase classname="testcases.TestCse_TC2_MultipleLoginTest" name="loginTest" time="2.721"/>
  <testcase classname="testcases.TestCse_TC2_MultipleLoginTest" name="loginTest" time="1.496"/>
</testsuite> <!-- testcases.TestCse_TC2_MultipleLoginTest -->
