<?xml version="1.0" encoding="UTF-8"?>
<!-- Generated by org.testng.reporters.JUnitReportReporter -->
<testsuite hostname="DESKTOP-8KHMGMV" failures="0" tests="1" name="testcases.TestCase_TC11_VerifyTitle" time="7.759" errors="0" timestamp="2024-03-31T14:20:12 IST" skipped="0">
  <testcase classname="testcases.TestCase_TC11_VerifyTitle" name="verifyTitle" time="7.759"/>
</testsuite> <!-- testcases.TestCase_TC11_VerifyTitle -->
