<?xml version="1.0" encoding="UTF-8"?>
<!-- Generated by org.testng.reporters.JUnitReportReporter -->
<testsuite hostname="DESKTOP-8KHMGMV" failures="0" tests="4" name="testcases.MultipleLoginTest" time="9.592" errors="0" timestamp="2024-03-31T13:27:28 IST" skipped="0">
  <testcase classname="testcases.MultipleLoginTest" name="loginTest" time="1.361"/>
  <testcase classname="testcases.MultipleLoginTest" name="loginTest" time="3.495"/>
  <testcase classname="testcases.MultipleLoginTest" name="loginTest" time="1.317"/>
  <testcase classname="testcases.MultipleLoginTest" name="loginTest" time="3.419"/>
</testsuite> <!-- testcases.MultipleLoginTest -->
