<?xml version="1.0" encoding="UTF-8"?>
<!-- Generated by org.testng.reporters.JUnitReportReporter -->
<testsuite hostname="DESKTOP-8KHMGMV" failures="0" tests="1" name="testcases.VerifyLogin" time="3.961" errors="0" timestamp="2024-03-30T20:15:18 IST" skipped="0">
  <testcase classname="testcases.VerifyLogin" name="getTitle" time="3.961"/>
</testsuite> <!-- testcases.VerifyLogin -->
