<?xml version="1.0" encoding="UTF-8"?>
<!-- Generated by org.testng.reporters.JUnitReportReporter -->
<testsuite hostname="DESKTOP-8KHMGMV" failures="0" tests="1" name="testcases.TestCase_TC1_VerifyLogin" time="3.929" errors="0" timestamp="2024-03-31T14:27:56 IST" skipped="0">
  <testcase classname="testcases.TestCase_TC1_VerifyLogin" name="getTitle" time="3.929"/>
</testsuite> <!-- testcases.TestCase_TC1_VerifyLogin -->
