<?xml version="1.0" encoding="UTF-8"?>
<!-- Generated by org.testng.reporters.JUnitReportReporter -->
<testsuite hostname="DESKTOP-8KHMGMV" failures="0" tests="1" name="testcases.LogoutTest" time="4.597" errors="0" timestamp="2024-03-31T13:05:17 IST" skipped="0">
  <testcase classname="testcases.LogoutTest" name="logout" time="4.597"/>
</testsuite> <!-- testcases.LogoutTest -->
