<?xml version="1.0" encoding="UTF-8"?>
<!-- Generated by org.testng.reporters.JUnitReportReporter -->
<testsuite hostname="DESKTOP-8KHMGMV" failures="0" tests="1" name="testcases.TestCase_TC10_LogoutTest" time="3.537" errors="0" timestamp="2024-03-31T14:27:56 IST" skipped="0">
  <testcase classname="testcases.TestCase_TC10_LogoutTest" name="logout" time="3.537"/>
</testsuite> <!-- testcases.TestCase_TC10_LogoutTest -->
